Total: 1387 samples
    1201  86.6%  86.6%     1201  86.6% lock
     139  10.0%  96.6%      139  10.0% __strcmp_sse42
      22   1.6%  98.2%       95   6.8% SortedList_lookup
      15   1.1%  99.3%       89   6.4% SortedList_insert
       8   0.6%  99.9%        8   0.6% _init
       1   0.1%  99.9%        1   0.1% SortedList_length
       1   0.1% 100.0%        1   0.1% hash
       0   0.0% 100.0%     1387 100.0% __clone
       0   0.0% 100.0%     1387 100.0% run_thread
       0   0.0% 100.0%     1387 100.0% start_thread
ROUTINE ====================== lock in /u/cs/ugrad/aziz/lab2b/lab2_list.c
  1201   1201 Total samples (flat / cumulative)
     .      .  170: 
     .      .  171: // synchronize depending on paramters
     .      .  172: void lock(Sublist *sublist,
     .      .  173:           struct timespec* start_ts,
     .      .  174:           struct timespec* finish_ts,
---
     .      .  175:           long long* mutex_wait_time) {
     .      .  176:     switch (opt_sync) {
     .      .  177:         case NONE:
     .      .  178:             return;
     .      .  179:         case MUTEX:
     .      .  180:             clock_gettime(CLOCK_MONOTONIC, start_ts);
     .      .  181:             pthread_mutex_lock(&sublist->mutex);
     .      .  182:             clock_gettime(CLOCK_MONOTONIC, finish_ts);
     .      .  183:             *mutex_wait_time += time_diff_ns(start_ts, finish_ts);
     .      .  184:             return;
     .      .  185:         case SPIN_LOCK:
  1201   1201  186:             while (__sync_lock_test_and_set(&sublist->spin_lock, 1));
     .      .  187:             return;
     .      .  188:         default:
     .      .  189:             return;
     .      .  190:     }
     .      .  191: }
---
     .      .  192: 
     .      .  193: // unsynchronize depending on parameters
     .      .  194: void unlock(Sublist *sublist) {
     .      .  195:     switch (opt_sync) {
     .      .  196:         case NONE:
ROUTINE ====================== lock in /u/cs/ugrad/aziz/lab2b/lab2_list.c
  1201   1201 Total samples (flat / cumulative)
     .      .  170: 
     .      .  171: // synchronize depending on paramters
     .      .  172: void lock(Sublist *sublist,
     .      .  173:           struct timespec* start_ts,
     .      .  174:           struct timespec* finish_ts,
---
     .      .  175:           long long* mutex_wait_time) {
     .      .  176:     switch (opt_sync) {
     .      .  177:         case NONE:
     .      .  178:             return;
     .      .  179:         case MUTEX:
     .      .  180:             clock_gettime(CLOCK_MONOTONIC, start_ts);
     .      .  181:             pthread_mutex_lock(&sublist->mutex);
     .      .  182:             clock_gettime(CLOCK_MONOTONIC, finish_ts);
     .      .  183:             *mutex_wait_time += time_diff_ns(start_ts, finish_ts);
     .      .  184:             return;
     .      .  185:         case SPIN_LOCK:
  1201   1201  186:             while (__sync_lock_test_and_set(&sublist->spin_lock, 1));
     .      .  187:             return;
     .      .  188:         default:
     .      .  189:             return;
     .      .  190:     }
     .      .  191: }
---
     .      .  192: 
     .      .  193: // unsynchronize depending on parameters
     .      .  194: void unlock(Sublist *sublist) {
     .      .  195:     switch (opt_sync) {
     .      .  196:         case NONE:
